{"numFailedTestSuites":1,"numFailedTests":2,"numPassedTestSuites":0,"numPassedTests":1,"numPendingTestSuites":0,"numPendingTests":0,"numRuntimeErrorTestSuites":0,"numTodoTests":0,"numTotalTestSuites":1,"numTotalTests":3,"openHandles":[],"snapshot":{"added":0,"didUpdate":false,"failure":false,"filesAdded":0,"filesRemoved":0,"filesRemovedList":[],"filesUnmatched":0,"filesUpdated":0,"matched":0,"total":0,"unchecked":0,"uncheckedKeysByFile":[],"unmatched":0,"updated":0},"startTime":1785417948768,"success":false,"testResults":[{"assertionResults":[{"ancestorTitles":["processTelemetry"],"duration":3479,"failing":false,"failureDetails":[{"matcherResult":{"message":"\u001b[2mexpect(\u001b[22m\u001b[31mjest.fn()\u001b[39m\u001b[2m).\u001b[22mtoHaveBeenCalled\u001b[2m()\u001b[22m\n\nExpected number of calls: >= \u001b[32m1\u001b[39m\nReceived number of calls:    \u001b[31m0\u001b[39m","pass":false}}],"failureMessages":["Error: \u001b[2mexpect(\u001b[22m\u001b[31mjest.fn()\u001b[39m\u001b[2m).\u001b[22mtoHaveBeenCalled\u001b[2m()\u001b[22m\n\nExpected number of calls: >= \u001b[32m1\u001b[39m\nReceived number of calls:    \u001b[31m0\u001b[39m\n    at Object.<anonymous> (C:\\Users\\cheta\\Desktop\\my project\\FleetDash\\backend\\src\\services\\__tests__\\telemetry.service.test.ts:66:19)"],"fullName":"processTelemetry broadcasts a socket update for each accepted telemetry point","invocations":1,"location":null,"numPassingAsserts":1,"retryReasons":[],"startAt":1785417956017,"status":"failed","title":"broadcasts a socket update for each accepted telemetry point"},{"ancestorTitles":["processTelemetry"],"duration":5018,"failing":false,"failureDetails":[{"message":"thrown: \"Exceeded timeout of 5000 ms for a test.\nAdd a timeout value to this test to increase the timeout, if this is a long-running test. See https://jestjs.io/docs/api#testname-fn-timeout.\""}],"failureMessages":["Error: thrown: \"Exceeded timeout of 5000 ms for a test.\nAdd a timeout value to this test to increase the timeout, if this is a long-running test. See https://jestjs.io/docs/api#testname-fn-timeout.\"\n    at C:\\Users\\cheta\\Desktop\\my project\\FleetDash\\backend\\src\\services\\__tests__\\telemetry.service.test.ts:77:3\n    at _dispatchDescribe (c:\\Users\\cheta\\Desktop\\my project\\FleetDash\\backend\\node_modules\\jest-circus\\build\\jestAdapterInit.js:608:26)\n    at describe (c:\\Users\\cheta\\Desktop\\my project\\FleetDash\\backend\\node_modules\\jest-circus\\build\\jestAdapterInit.js:576:44)\n    at Object.<anonymous> (C:\\Users\\cheta\\Desktop\\my project\\FleetDash\\backend\\src\\services\\__tests__\\telemetry.service.test.ts:36:1)\n    at ModuleExecutor.exec (c:\\Users\\cheta\\Desktop\\my project\\FleetDash\\backend\\node_modules\\jest-runtime\\build\\index.js:2078:26)\n    at CjsLoader.loadModule (c:\\Users\\cheta\\Desktop\\my project\\FleetDash\\backend\\node_modules\\jest-runtime\\build\\index.js:323:36)\n    at CjsLoader.requireModule (c:\\Users\\cheta\\Desktop\\my project\\FleetDash\\backend\\node_modules\\jest-runtime\\build\\index.js:289:12)\n    at Runtime.requireModule (c:\\Users\\cheta\\Desktop\\my project\\FleetDash\\backend\\node_modules\\jest-runtime\\build\\index.js:3657:27)\n    at jestAdapter (c:\\Users\\cheta\\Desktop\\my project\\FleetDash\\backend\\node_modules\\jest-circus\\build\\runner.js:96:13)\n    at runTestInternal (c:\\Users\\cheta\\Desktop\\my project\\FleetDash\\backend\\node_modules\\jest-runner\\build\\index.js:276:16)\n    at runTest (c:\\Users\\cheta\\Desktop\\my project\\FleetDash\\backend\\node_modules\\jest-runner\\build\\index.js:344:7)"],"fullName":"processTelemetry publishes a geofence breach alert when the vehicle leaves a monitored zone","invocations":1,"location":null,"numPassingAsserts":0,"retryReasons":[],"startAt":1785417959519,"status":"failed","title":"publishes a geofence breach alert when the vehicle leaves a monitored zone"},{"ancestorTitles":["processTelemetry"],"duration":3654,"failing":false,"failureDetails":[],"failureMessages":[],"fullName":"processTelemetry continues processing telemetry even when persistence fails","invocations":1,"location":null,"numPassingAsserts":2,"retryReasons":[],"startAt":1785417964545,"status":"passed","title":"continues processing telemetry even when persistence fails"}],"endTime":1785417968236,"message":"\u001b[1m\u001b[31m  \u001b[1m● \u001b[22m\u001b[1mprocessTelemetry › broadcasts a socket update for each accepted telemetry point\u001b[39m\u001b[22m\n\n    \u001b[2mexpect(\u001b[22m\u001b[31mjest.fn()\u001b[39m\u001b[2m).\u001b[22mtoHaveBeenCalled\u001b[2m()\u001b[22m\n\n    Expected number of calls: >= \u001b[32m1\u001b[39m\n    Received number of calls:    \u001b[31m0\u001b[39m\n\u001b[2m\u001b[22m\n\u001b[2m    \u001b[0m \u001b[90m 64 |\u001b[39m\u001b[22m\n\u001b[2m     \u001b[90m 65 |\u001b[39m     expect(result\u001b[33m.\u001b[39msuccess)\u001b[33m.\u001b[39mtoBe(\u001b[36mtrue\u001b[39m)\u001b[33m;\u001b[39m\u001b[22m\n\u001b[2m    \u001b[31m\u001b[1m>\u001b[22m\u001b[2m\u001b[39m\u001b[90m 66 |\u001b[39m     expect(getIO)\u001b[33m.\u001b[39mtoHaveBeenCalled()\u001b[33m;\u001b[39m\u001b[22m\n\u001b[2m     \u001b[90m    |\u001b[39m                   \u001b[31m\u001b[1m^\u001b[22m\u001b[2m\u001b[39m\u001b[22m\n\u001b[2m     \u001b[90m 67 |\u001b[39m     expect(emitMock)\u001b[33m.\u001b[39mtoHaveBeenCalledWith(\u001b[22m\n\u001b[2m     \u001b[90m 68 |\u001b[39m       \u001b[32m\"telemetry:update\"\u001b[39m\u001b[33m,\u001b[39m\u001b[22m\n\u001b[2m     \u001b[90m 69 |\u001b[39m       expect\u001b[33m.\u001b[39mobjectContaining({\u001b[0m\u001b[22m\n\u001b[2m\u001b[22m\n\u001b[2m      \u001b[2mat Object.<anonymous> (\u001b[22m\u001b[2m\u001b[0m\u001b[36msrc/services/__tests__/telemetry.service.test.ts\u001b[39m\u001b[0m\u001b[2m:66:19)\u001b[22m\u001b[2m\u001b[22m\n\n\u001b[1m\u001b[31m  \u001b[1m● \u001b[22m\u001b[1mprocessTelemetry › publishes a geofence breach alert when the vehicle leaves a monitored zone\u001b[39m\u001b[22m\n\n    thrown: \"Exceeded timeout of 5000 ms for a test.\n    Add a timeout value to this test to increase the timeout, if this is a long-running test. See https://jestjs.io/docs/api#testname-fn-timeout.\"\n\u001b[2m\u001b[22m\n\u001b[2m    \u001b[0m \u001b[90m 75 |\u001b[39m   })\u001b[33m;\u001b[39m\u001b[22m\n\u001b[2m     \u001b[90m 76 |\u001b[39m\u001b[22m\n\u001b[2m    \u001b[31m\u001b[1m>\u001b[22m\u001b[2m\u001b[39m\u001b[90m 77 |\u001b[39m   it(\u001b[32m\"publishes a geofence breach alert when the vehicle leaves a monitored zone\"\u001b[39m\u001b[33m,\u001b[39m \u001b[36masync\u001b[39m () \u001b[33m=>\u001b[39m {\u001b[22m\n\u001b[2m     \u001b[90m    |\u001b[39m   \u001b[31m\u001b[1m^\u001b[22m\u001b[2m\u001b[39m\u001b[22m\n\u001b[2m     \u001b[90m 78 |\u001b[39m     (checkVehicleBoundary \u001b[36mas\u001b[39m jest\u001b[33m.\u001b[39m\u001b[33mMock\u001b[39m)\u001b[22m\n\u001b[2m     \u001b[90m 79 |\u001b[39m       \u001b[33m.\u001b[39mmockReturnValueOnce({ inside\u001b[33m:\u001b[39m \u001b[36mtrue\u001b[39m\u001b[33m,\u001b[39m zone\u001b[33m:\u001b[39m \u001b[32m\"Warehouse\"\u001b[39m })\u001b[22m\n\u001b[2m     \u001b[90m 80 |\u001b[39m       \u001b[33m.\u001b[39mmockReturnValueOnce({ inside\u001b[33m:\u001b[39m \u001b[36mfalse\u001b[39m\u001b[33m,\u001b[39m zone\u001b[33m:\u001b[39m \u001b[36mnull\u001b[39m })\u001b[33m;\u001b[39m\u001b[0m\u001b[22m\n\u001b[2m\u001b[22m\n\u001b[2m      \u001b[2mat \u001b[22m\u001b[2m\u001b[0m\u001b[36msrc/services/__tests__/telemetry.service.test.ts\u001b[39m\u001b[0m\u001b[2m:77:3\u001b[22m\u001b[2m\u001b[22m\n\u001b[2m      \u001b[2mat Object.<anonymous> (\u001b[22m\u001b[2m\u001b[0m\u001b[36msrc/services/__tests__/telemetry.service.test.ts\u001b[39m\u001b[0m\u001b[2m:36:1)\u001b[22m\u001b[2m\u001b[22m\n","name":"C:\\Users\\cheta\\Desktop\\my project\\FleetDash\\backend\\src\\services\\__tests__\\telemetry.service.test.ts","startTime":1785417948981,"status":"failed","summary":""}],"wasInterrupted":false}
